<?xml version="1.0" encoding="UTF-8"?>
<!-- Generated by org.testng.reporters.JUnitReportReporter -->
<testsuite skipped="0" hostname="Rohans-MBP-2.attlocal.net" name="com.AnnotationDemo.DataProvider_Demo" tests="1" failures="0" timestamp="2020-05-23T00:50:48 PDT" time="0.008" errors="0">
  <testcase name="validatingTrainerInfo" time="0.008" classname="com.AnnotationDemo.DataProvider_Demo"/>
  <system-out/>
</testsuite> <!-- com.AnnotationDemo.DataProvider_Demo -->
