<?xml version="1.0" encoding="UTF-8"?>
<!-- Generated by org.testng.reporters.JUnitReportReporter -->
<testsuite skipped="1" hostname="Rohans-MBP-2.attlocal.net" name="com.AnnotationDemo.Annotations" tests="3" failures="0" timestamp="2020-06-23T16:15:58 PDT" time="4.806" errors="0">
  <testcase name="loginPage" time="2.468" classname="com.AnnotationDemo.Annotations"/>
  <system-out/>
  <testcase name="LoginPage" time="2.338" classname="com.AnnotationDemo.Annotations"/>
  <system-out/>
  <testcase name="Logout" classname="com.AnnotationDemo.Annotations">
    <skipped/>
  </testcase> <!-- Logout -->
  <system-out/>
</testsuite> <!-- com.AnnotationDemo.Annotations -->
