<?xml version="1.0" encoding="UTF-8"?>
<!-- Generated by org.testng.reporters.JUnitReportReporter -->
<testsuite skipped="0" hostname="Rohans-MBP-2.attlocal.net" name="com.AnnotationDemo.Different_Annotation" tests="1" failures="0" timestamp="2020-05-21T22:41:58 PDT" time="0.010" errors="0">
  <testcase name="checkTest" time="0.010" classname="com.AnnotationDemo.Different_Annotation"/>
  <system-out/>
</testsuite> <!-- com.AnnotationDemo.Different_Annotation -->
